This file contains any messages produced by compilers while
running configure, to aid debugging if configure makes a mistake.

It was created by libnice configure 0.1.14.1, which was
generated by GNU Autoconf 2.69.  Invocation command line was

  $ ./configure 

## --------- ##
## Platform. ##
## --------- ##

hostname = ubuntu
uname -m = i686
uname -r = 4.4.0-141-generic
uname -s = Linux
uname -v = #167-Ubuntu SMP Wed Dec 5 10:38:08 UTC 2018

/usr/bin/uname -p = unknown
/bin/uname -X     = unknown

/bin/arch              = unknown
/usr/bin/arch -k       = unknown
/usr/convex/getsysinfo = unknown
/usr/bin/hostinfo      = unknown
/bin/machine           = unknown
/usr/bin/oslevel       = unknown
/bin/universe          = unknown

PATH: /opt/jdk/jdk1.8.0_191/bin
PATH: /root/bin
PATH: /root/.local/bin
PATH: /opt/jdk/jdk1.8.0_191/bin
PATH: /root/bin
PATH: /root/.local/bin
PATH: /opt/hisi-linux/x86-arm/arm-hisiv300-linux/target/bin
PATH: /usr/local/sbin
PATH: /usr/local/bin
PATH: /usr/sbin
PATH: /usr/bin
PATH: /sbin
PATH: /bin
PATH: /usr/games
PATH: /usr/local/games
PATH: /snap/bin
PATH: /opt/HTK-3.5/htk/bin.cpu
PATH: /opt/ninja
PATH: /opt/Mstar/Mstar/arm-linux-gnueabihf-4.8.3-201404/bin


## ----------- ##
## Core tests. ##
## ----------- ##

configure:2457: checking build system type
configure:2471: result: i686-pc-linux-gnu
configure:2491: checking host system type
configure:2504: result: i686-pc-linux-gnu
configure:2524: checking target system type
configure:2537: result: i686-pc-linux-gnu
configure:2583: checking for a BSD-compatible install
configure:2651: result: /usr/bin/install -c
configure:2662: checking whether build environment is sane
configure:2717: result: yes
configure:2868: checking for a thread-safe mkdir -p
configure:2907: result: /bin/mkdir -p
configure:2914: checking for gawk
configure:2944: result: no
configure:2914: checking for mawk
configure:2930: found /usr/bin/mawk
configure:2941: result: mawk
configure:2952: checking whether make sets $(MAKE)
configure:2974: result: yes
configure:3003: checking whether make supports nested variables
configure:3020: result: yes
configure:3175: checking whether make supports nested variables
configure:3192: result: yes
configure:3219: checking for style of include used by make
configure:3247: result: GNU
configure:3318: checking for gcc
configure:3334: found /usr/bin/gcc
configure:3345: result: gcc
configure:3574: checking for C compiler version
configure:3583: gcc --version >&5
gcc (Ubuntu 5.4.0-6ubuntu1~16.04.10) 5.4.0 20160609
Copyright (C) 2015 Free Software Foundation, Inc.
This is free software; see the source for copying conditions.  There is NO
warranty; not even for MERCHANTABILITY or FITNESS FOR A PARTICULAR PURPOSE.

configure:3594: $? = 0
configure:3583: gcc -v >&5
Using built-in specs.
COLLECT_GCC=gcc
COLLECT_LTO_WRAPPER=/usr/lib/gcc/i686-linux-gnu/5/lto-wrapper
Target: i686-linux-gnu
Configured with: ../src/configure -v --with-pkgversion='Ubuntu 5.4.0-6ubuntu1~16.04.10' --with-bugurl=file:///usr/share/doc/gcc-5/README.Bugs --enable-languages=c,ada,c++,java,go,d,fortran,objc,obj-c++ --prefix=/usr --program-suffix=-5 --enable-shared --enable-linker-build-id --libexecdir=/usr/lib --without-included-gettext --enable-threads=posix --libdir=/usr/lib --enable-nls --with-sysroot=/ --enable-clocale=gnu --enable-libstdcxx-debug --enable-libstdcxx-time=yes --with-default-libstdcxx-abi=new --enable-gnu-unique-object --disable-vtable-verify --enable-libmpx --enable-plugin --with-system-zlib --disable-browser-plugin --enable-java-awt=gtk --enable-gtk-cairo --with-java-home=/usr/lib/jvm/java-1.5.0-gcj-5-i386/jre --enable-java-home --with-jvm-root-dir=/usr/lib/jvm/java-1.5.0-gcj-5-i386 --with-jvm-jar-dir=/usr/lib/jvm-exports/java-1.5.0-gcj-5-i386 --with-arch-directory=i386 --with-ecj-jar=/usr/share/java/eclipse-ecj.jar --enable-objc-gc --enable-targets=all --enable-multiarch --disable-werror --with-arch-32=i686 --with-multilib-list=m32,m64,mx32 --enable-multilib --with-tune=generic --enable-checking=release --build=i686-linux-gnu --host=i686-linux-gnu --target=i686-linux-gnu
Thread model: posix
gcc version 5.4.0 20160609 (Ubuntu 5.4.0-6ubuntu1~16.04.10) 
configure:3594: $? = 0
configure:3583: gcc -V >&5
gcc: error: unrecognized command line option '-V'
gcc: fatal error: no input files
compilation terminated.
configure:3594: $? = 1
configure:3583: gcc -qversion >&5
gcc: error: unrecognized command line option '-qversion'
gcc: fatal error: no input files
compilation terminated.
configure:3594: $? = 1
configure:3614: checking whether the C compiler works
configure:3636: gcc    conftest.c  >&5
configure:3640: $? = 0
configure:3688: result: yes
configure:3691: checking for C compiler default output file name
configure:3693: result: a.out
configure:3699: checking for suffix of executables
configure:3706: gcc -o conftest    conftest.c  >&5
configure:3710: $? = 0
configure:3732: result: 
configure:3754: checking whether we are cross compiling
configure:3762: gcc -o conftest    conftest.c  >&5
configure:3766: $? = 0
configure:3773: ./conftest
configure:3777: $? = 0
configure:3792: result: no
configure:3797: checking for suffix of object files
configure:3819: gcc -c   conftest.c >&5
configure:3823: $? = 0
configure:3844: result: o
configure:3848: checking whether we are using the GNU C compiler
configure:3867: gcc -c   conftest.c >&5
configure:3867: $? = 0
configure:3876: result: yes
configure:3885: checking whether gcc accepts -g
configure:3905: gcc -c -g  conftest.c >&5
configure:3905: $? = 0
configure:3946: result: yes
configure:3963: checking for gcc option to accept ISO C89
configure:4026: gcc  -c -g -O2  conftest.c >&5
configure:4026: $? = 0
configure:4039: result: none needed
configure:4064: checking whether gcc understands -c and -o together
configure:4086: gcc -c conftest.c -o conftest2.o
configure:4089: $? = 0
configure:4086: gcc -c conftest.c -o conftest2.o
configure:4089: $? = 0
configure:4101: result: yes
configure:4120: checking dependency style of gcc
configure:4231: result: gcc3
configure:4252: checking how to run the C preprocessor
configure:4283: gcc -E  conftest.c
configure:4283: $? = 0
configure:4297: gcc -E  conftest.c
conftest.c:11:28: fatal error: ac_nonexistent.h: No such file or directory
compilation terminated.
configure:4297: $? = 1
configure: failed program was:
| /* confdefs.h */
| #define PACKAGE_NAME "libnice"
| #define PACKAGE_TARNAME "libnice"
| #define PACKAGE_VERSION "0.1.14.1"
| #define PACKAGE_STRING "libnice 0.1.14.1"
| #define PACKAGE_BUGREPORT ""
| #define PACKAGE_URL ""
| #define PACKAGE "libnice"
| #define VERSION "0.1.14.1"
| /* end confdefs.h.  */
| #include <ac_nonexistent.h>
configure:4322: result: gcc -E
configure:4342: gcc -E  conftest.c
configure:4342: $? = 0
configure:4356: gcc -E  conftest.c
conftest.c:11:28: fatal error: ac_nonexistent.h: No such file or directory
compilation terminated.
configure:4356: $? = 1
configure: failed program was:
| /* confdefs.h */
| #define PACKAGE_NAME "libnice"
| #define PACKAGE_TARNAME "libnice"
| #define PACKAGE_VERSION "0.1.14.1"
| #define PACKAGE_STRING "libnice 0.1.14.1"
| #define PACKAGE_BUGREPORT ""
| #define PACKAGE_URL ""
| #define PACKAGE "libnice"
| #define VERSION "0.1.14.1"
| /* end confdefs.h.  */
| #include <ac_nonexistent.h>
configure:4385: checking for grep that handles long lines and -e
configure:4443: result: /bin/grep
configure:4448: checking for egrep
configure:4510: result: /bin/grep -E
configure:4515: checking for ANSI C header files
configure:4535: gcc -c -g -O2  conftest.c >&5
configure:4535: $? = 0
configure:4608: gcc -o conftest -g -O2   conftest.c  >&5
configure:4608: $? = 0
configure:4608: ./conftest
configure:4608: $? = 0
configure:4619: result: yes
configure:4632: checking for sys/types.h
configure:4632: gcc -c -g -O2  conftest.c >&5
configure:4632: $? = 0
configure:4632: result: yes
configure:4632: checking for sys/stat.h
configure:4632: gcc -c -g -O2  conftest.c >&5
configure:4632: $? = 0
configure:4632: result: yes
configure:4632: checking for stdlib.h
configure:4632: gcc -c -g -O2  conftest.c >&5
configure:4632: $? = 0
configure:4632: result: yes
configure:4632: checking for string.h
configure:4632: gcc -c -g -O2  conftest.c >&5
configure:4632: $? = 0
configure:4632: result: yes
configure:4632: checking for memory.h
configure:4632: gcc -c -g -O2  conftest.c >&5
configure:4632: $? = 0
configure:4632: result: yes
configure:4632: checking for strings.h
configure:4632: gcc -c -g -O2  conftest.c >&5
configure:4632: $? = 0
configure:4632: result: yes
configure:4632: checking for inttypes.h
configure:4632: gcc -c -g -O2  conftest.c >&5
configure:4632: $? = 0
configure:4632: result: yes
configure:4632: checking for stdint.h
configure:4632: gcc -c -g -O2  conftest.c >&5
configure:4632: $? = 0
configure:4632: result: yes
configure:4632: checking for unistd.h
configure:4632: gcc -c -g -O2  conftest.c >&5
configure:4632: $? = 0
configure:4632: result: yes
configure:4645: checking minix/config.h usability
configure:4645: gcc -c -g -O2  conftest.c >&5
conftest.c:54:26: fatal error: minix/config.h: No such file or directory
compilation terminated.
configure:4645: $? = 1
configure: failed program was:
| /* confdefs.h */
| #define PACKAGE_NAME "libnice"
| #define PACKAGE_TARNAME "libnice"
| #define PACKAGE_VERSION "0.1.14.1"
| #define PACKAGE_STRING "libnice 0.1.14.1"
| #define PACKAGE_BUGREPORT ""
| #define PACKAGE_URL ""
| #define PACKAGE "libnice"
| #define VERSION "0.1.14.1"
| #define STDC_HEADERS 1
| #define HAVE_SYS_TYPES_H 1
| #define HAVE_SYS_STAT_H 1
| #define HAVE_STDLIB_H 1
| #define HAVE_STRING_H 1
| #define HAVE_MEMORY_H 1
| #define HAVE_STRINGS_H 1
| #define HAVE_INTTYPES_H 1
| #define HAVE_STDINT_H 1
| #define HAVE_UNISTD_H 1
| /* end confdefs.h.  */
| #include <stdio.h>
| #ifdef HAVE_SYS_TYPES_H
| # include <sys/types.h>
| #endif
| #ifdef HAVE_SYS_STAT_H
| # include <sys/stat.h>
| #endif
| #ifdef STDC_HEADERS
| # include <stdlib.h>
| # include <stddef.h>
| #else
| # ifdef HAVE_STDLIB_H
| #  include <stdlib.h>
| # endif
| #endif
| #ifdef HAVE_STRING_H
| # if !defined STDC_HEADERS && defined HAVE_MEMORY_H
| #  include <memory.h>
| # endif
| # include <string.h>
| #endif
| #ifdef HAVE_STRINGS_H
| # include <strings.h>
| #endif
| #ifdef HAVE_INTTYPES_H
| # include <inttypes.h>
| #endif
| #ifdef HAVE_STDINT_H
| # include <stdint.h>
| #endif
| #ifdef HAVE_UNISTD_H
| # include <unistd.h>
| #endif
| #include <minix/config.h>
configure:4645: result: no
configure:4645: checking minix/config.h presence
configure:4645: gcc -E  conftest.c
conftest.c:21:26: fatal error: minix/config.h: No such file or directory
compilation terminated.
configure:4645: $? = 1
configure: failed program was:
| /* confdefs.h */
| #define PACKAGE_NAME "libnice"
| #define PACKAGE_TARNAME "libnice"
| #define PACKAGE_VERSION "0.1.14.1"
| #define PACKAGE_STRING "libnice 0.1.14.1"
| #define PACKAGE_BUGREPORT ""
| #define PACKAGE_URL ""
| #define PACKAGE "libnice"
| #define VERSION "0.1.14.1"
| #define STDC_HEADERS 1
| #define HAVE_SYS_TYPES_H 1
| #define HAVE_SYS_STAT_H 1
| #define HAVE_STDLIB_H 1
| #define HAVE_STRING_H 1
| #define HAVE_MEMORY_H 1
| #define HAVE_STRINGS_H 1
| #define HAVE_INTTYPES_H 1
| #define HAVE_STDINT_H 1
| #define HAVE_UNISTD_H 1
| /* end confdefs.h.  */
| #include <minix/config.h>
configure:4645: result: no
configure:4645: checking for minix/config.h
configure:4645: result: no
configure:4666: checking whether it is safe to define __EXTENSIONS__
configure:4684: gcc -c -g -O2  conftest.c >&5
configure:4684: $? = 0
configure:4691: result: yes
configure:4753: checking for gcc
configure:4780: result: gcc
configure:5009: checking for C compiler version
configure:5018: gcc --version >&5
gcc (Ubuntu 5.4.0-6ubuntu1~16.04.10) 5.4.0 20160609
Copyright (C) 2015 Free Software Foundation, Inc.
This is free software; see the source for copying conditions.  There is NO
warranty; not even for MERCHANTABILITY or FITNESS FOR A PARTICULAR PURPOSE.

configure:5029: $? = 0
configure:5018: gcc -v >&5
Using built-in specs.
COLLECT_GCC=gcc
COLLECT_LTO_WRAPPER=/usr/lib/gcc/i686-linux-gnu/5/lto-wrapper
Target: i686-linux-gnu
Configured with: ../src/configure -v --with-pkgversion='Ubuntu 5.4.0-6ubuntu1~16.04.10' --with-bugurl=file:///usr/share/doc/gcc-5/README.Bugs --enable-languages=c,ada,c++,java,go,d,fortran,objc,obj-c++ --prefix=/usr --program-suffix=-5 --enable-shared --enable-linker-build-id --libexecdir=/usr/lib --without-included-gettext --enable-threads=posix --libdir=/usr/lib --enable-nls --with-sysroot=/ --enable-clocale=gnu --enable-libstdcxx-debug --enable-libstdcxx-time=yes --with-default-libstdcxx-abi=new --enable-gnu-unique-object --disable-vtable-verify --enable-libmpx --enable-plugin --with-system-zlib --disable-browser-plugin --enable-java-awt=gtk --enable-gtk-cairo --with-java-home=/usr/lib/jvm/java-1.5.0-gcj-5-i386/jre --enable-java-home --with-jvm-root-dir=/usr/lib/jvm/java-1.5.0-gcj-5-i386 --with-jvm-jar-dir=/usr/lib/jvm-exports/java-1.5.0-gcj-5-i386 --with-arch-directory=i386 --with-ecj-jar=/usr/share/java/eclipse-ecj.jar --enable-objc-gc --enable-targets=all --enable-multiarch --disable-werror --with-arch-32=i686 --with-multilib-list=m32,m64,mx32 --enable-multilib --with-tune=generic --enable-checking=release --build=i686-linux-gnu --host=i686-linux-gnu --target=i686-linux-gnu
Thread model: posix
gcc version 5.4.0 20160609 (Ubuntu 5.4.0-6ubuntu1~16.04.10) 
configure:5029: $? = 0
configure:5018: gcc -V >&5
gcc: error: unrecognized command line option '-V'
gcc: fatal error: no input files
compilation terminated.
configure:5029: $? = 1
configure:5018: gcc -qversion >&5
gcc: error: unrecognized command line option '-qversion'
gcc: fatal error: no input files
compilation terminated.
configure:5029: $? = 1
configure:5033: checking whether we are using the GNU C compiler
configure:5061: result: yes
configure:5070: checking whether gcc accepts -g
configure:5131: result: yes
configure:5148: checking for gcc option to accept ISO C89
configure:5224: result: none needed
configure:5249: checking whether gcc understands -c and -o together
configure:5286: result: yes
configure:5305: checking dependency style of gcc
configure:5416: result: gcc3
configure:5480: checking for ar
configure:5496: found /usr/bin/ar
configure:5507: result: ar
configure:5533: checking the archiver (ar) interface
configure:5549: gcc -c -g -O2  conftest.c >&5
configure:5549: $? = 0
configure:5551: ar cru libconftest.a conftest.o >&5
ar: `u' modifier ignored since `D' is the default (see `U')
configure:5554: $? = 0
configure:5582: result: ar
configure:5649: checking how to print strings
configure:5676: result: printf
configure:5697: checking for a sed that does not truncate output
configure:5761: result: /bin/sed
configure:5779: checking for fgrep
configure:5841: result: /bin/grep -F
configure:5876: checking for ld used by gcc
configure:5943: result: /usr/bin/ld
configure:5950: checking if the linker (/usr/bin/ld) is GNU ld
configure:5965: result: yes
configure:5977: checking for BSD- or MS-compatible name lister (nm)
configure:6031: result: /usr/bin/nm -B
configure:6161: checking the name lister (/usr/bin/nm -B) interface
configure:6168: gcc -c -g -O2  conftest.c >&5
configure:6171: /usr/bin/nm -B "conftest.o"
configure:6174: output
00000000 B some_variable
configure:6181: result: BSD nm
configure:6184: checking whether ln -s works
configure:6188: result: yes
configure:6196: checking the maximum length of command line arguments
configure:6327: result: 1572864
configure:6375: checking how to convert i686-pc-linux-gnu file names to i686-pc-linux-gnu format
configure:6415: result: func_convert_file_noop
configure:6422: checking how to convert i686-pc-linux-gnu file names to toolchain format
configure:6442: result: func_convert_file_noop
configure:6449: checking for /usr/bin/ld option to reload object files
configure:6456: result: -r
configure:6530: checking for objdump
configure:6546: found /usr/bin/objdump
configure:6557: result: objdump
configure:6586: checking how to recognize dependent libraries
configure:6786: result: pass_all
configure:6871: checking for dlltool
configure:6901: result: no
configure:6928: checking how to associate runtime and link libraries
configure:6955: result: printf %s\n
configure:7079: checking for archiver @FILE support
configure:7096: gcc -c -g -O2  conftest.c >&5
configure:7096: $? = 0
configure:7099: ar cru libconftest.a @conftest.lst >&5
ar: `u' modifier ignored since `D' is the default (see `U')
configure:7102: $? = 0
configure:7107: ar cru libconftest.a @conftest.lst >&5
ar: `u' modifier ignored since `D' is the default (see `U')
ar: conftest.o: No such file or directory
configure:7110: $? = 1
configure:7122: result: @
configure:7180: checking for strip
configure:7196: found /usr/bin/strip
configure:7207: result: strip
configure:7279: checking for ranlib
configure:7295: found /usr/bin/ranlib
configure:7306: result: ranlib
configure:7408: checking command to parse /usr/bin/nm -B output from gcc object
configure:7561: gcc -c -g -O2  conftest.c >&5
configure:7564: $? = 0
configure:7568: /usr/bin/nm -B conftest.o \| sed -n -e 's/^.*[ ]\([ABCDGIRSTW][ABCDGIRSTW]*\)[ ][ ]*\([_A-Za-z][_A-Za-z0-9]*\)$/\1 \2 \2/p' | sed '/ __gnu_lto/d' \> conftest.nm
configure:7571: $? = 0
configure:7637: gcc -o conftest -g -O2   conftest.c conftstm.o >&5
configure:7640: $? = 0
configure:7678: result: ok
configure:7725: checking for sysroot
configure:7755: result: no
configure:7762: checking for a working dd
configure:7800: result: /bin/dd
configure:7804: checking how to truncate binary pipes
configure:7819: result: /bin/dd bs=4096 count=1
configure:8148: checking for mt
configure:8164: found /bin/mt
configure:8175: result: mt
configure:8198: checking if mt is a manifest tool
configure:8204: mt '-?'
configure:8212: result: no
configure:8886: checking for dlfcn.h
configure:8886: gcc -c -g -O2  conftest.c >&5
configure:8886: $? = 0
configure:8886: result: yes
configure:9438: checking for objdir
configure:9453: result: .libs
configure:9717: checking if gcc supports -fno-rtti -fno-exceptions
configure:9735: gcc -c -g -O2  -fno-rtti -fno-exceptions conftest.c >&5
cc1: warning: command line option '-fno-rtti' is valid for C++/ObjC++ but not for C
configure:9739: $? = 0
configure:9752: result: no
configure:10110: checking for gcc option to produce PIC
configure:10117: result: -fPIC -DPIC
configure:10125: checking if gcc PIC flag -fPIC -DPIC works
configure:10143: gcc -c -g -O2  -fPIC -DPIC -DPIC conftest.c >&5
configure:10147: $? = 0
configure:10160: result: yes
configure:10189: checking if gcc static flag -static works
configure:10217: result: yes
configure:10232: checking if gcc supports -c -o file.o
configure:10253: gcc -c -g -O2  -o out/conftest2.o conftest.c >&5
configure:10257: $? = 0
configure:10279: result: yes
configure:10287: checking if gcc supports -c -o file.o
configure:10334: result: yes
configure:10367: checking whether the gcc linker (/usr/bin/ld) supports shared libraries
configure:11630: result: yes
configure:11667: checking whether -lc should be explicitly linked in
configure:11675: gcc -c -g -O2  conftest.c >&5
configure:11678: $? = 0
configure:11693: gcc -shared  -fPIC -DPIC conftest.o  -v -Wl,-soname -Wl,conftest -o conftest 2\>\&1 \| /bin/grep  -lc  \>/dev/null 2\>\&1
configure:11696: $? = 0
configure:11710: result: no
configure:11870: checking dynamic linker characteristics
configure:12451: gcc -o conftest -g -O2   -Wl,-rpath -Wl,/foo conftest.c  >&5
configure:12451: $? = 0
configure:12700: result: GNU/Linux ld.so
configure:12822: checking how to hardcode library paths into programs
configure:12847: result: immediate
configure:12949: checking for shl_load
configure:12949: gcc -o conftest -g -O2   conftest.c  >&5
/tmp/ccvUJoUG.o: In function `main':
/opt/p2p/libnice/conftest.c:62: undefined reference to `shl_load'
collect2: error: ld returned 1 exit status
configure:12949: $? = 1
configure: failed program was:
| /* confdefs.h */
| #define PACKAGE_NAME "libnice"
| #define PACKAGE_TARNAME "libnice"
| #define PACKAGE_VERSION "0.1.14.1"
| #define PACKAGE_STRING "libnice 0.1.14.1"
| #define PACKAGE_BUGREPORT ""
| #define PACKAGE_URL ""
| #define PACKAGE "libnice"
| #define VERSION "0.1.14.1"
| #define STDC_HEADERS 1
| #define HAVE_SYS_TYPES_H 1
| #define HAVE_SYS_STAT_H 1
| #define HAVE_STDLIB_H 1
| #define HAVE_STRING_H 1
| #define HAVE_MEMORY_H 1
| #define HAVE_STRINGS_H 1
| #define HAVE_INTTYPES_H 1
| #define HAVE_STDINT_H 1
| #define HAVE_UNISTD_H 1
| #define __EXTENSIONS__ 1
| #define _ALL_SOURCE 1
| #define _GNU_SOURCE 1
| #define _POSIX_PTHREAD_SEMANTICS 1
| #define _TANDEM_SOURCE 1
| #define HAVE_DLFCN_H 1
| #define LT_OBJDIR ".libs/"
| /* end confdefs.h.  */
| /* Define shl_load to an innocuous variant, in case <limits.h> declares shl_load.
|    For example, HP-UX 11i <limits.h> declares gettimeofday.  */
| #define shl_load innocuous_shl_load
| 
| /* System header to define __stub macros and hopefully few prototypes,
|     which can conflict with char shl_load (); below.
|     Prefer <limits.h> to <assert.h> if __STDC__ is defined, since
|     <limits.h> exists even on freestanding compilers.  */
| 
| #ifdef __STDC__
| # include <limits.h>
| #else
| # include <assert.h>
| #endif
| 
| #undef shl_load
| 
| /* Override any GCC internal prototype to avoid an error.
|    Use char because int might match the return type of a GCC
|    builtin and then its argument prototype would still apply.  */
| #ifdef __cplusplus
| extern "C"
| #endif
| char shl_load ();
| /* The GNU C library defines this for functions which it implements
|     to always fail with ENOSYS.  Some functions are actually named
|     something starting with __ and the normal name is an alias.  */
| #if defined __stub_shl_load || defined __stub___shl_load
| choke me
| #endif
| 
| int
| main ()
| {
| return shl_load ();
|   ;
|   return 0;
| }
configure:12949: result: no
configure:12953: checking for shl_load in -ldld
configure:12978: gcc -o conftest -g -O2   conftest.c -ldld   >&5
/usr/bin/ld: cannot find -ldld
collect2: error: ld returned 1 exit status
configure:12978: $? = 1
configure: failed program was:
| /* confdefs.h */
| #define PACKAGE_NAME "libnice"
| #define PACKAGE_TARNAME "libnice"
| #define PACKAGE_VERSION "0.1.14.1"
| #define PACKAGE_STRING "libnice 0.1.14.1"
| #define PACKAGE_BUGREPORT ""
| #define PACKAGE_URL ""
| #define PACKAGE "libnice"
| #define VERSION "0.1.14.1"
| #define STDC_HEADERS 1
| #define HAVE_SYS_TYPES_H 1
| #define HAVE_SYS_STAT_H 1
| #define HAVE_STDLIB_H 1
| #define HAVE_STRING_H 1
| #define HAVE_MEMORY_H 1
| #define HAVE_STRINGS_H 1
| #define HAVE_INTTYPES_H 1
| #define HAVE_STDINT_H 1
| #define HAVE_UNISTD_H 1
| #define __EXTENSIONS__ 1
| #define _ALL_SOURCE 1
| #define _GNU_SOURCE 1
| #define _POSIX_PTHREAD_SEMANTICS 1
| #define _TANDEM_SOURCE 1
| #define HAVE_DLFCN_H 1
| #define LT_OBJDIR ".libs/"
| /* end confdefs.h.  */
| 
| /* Override any GCC internal prototype to avoid an error.
|    Use char because int might match the return type of a GCC
|    builtin and then its argument prototype would still apply.  */
| #ifdef __cplusplus
| extern "C"
| #endif
| char shl_load ();
| int
| main ()
| {
| return shl_load ();
|   ;
|   return 0;
| }
configure:12987: result: no
configure:12992: checking for dlopen
configure:12992: gcc -o conftest -g -O2   conftest.c  >&5
/tmp/ccXyOQzN.o: In function `main':
/opt/p2p/libnice/conftest.c:62: undefined reference to `dlopen'
collect2: error: ld returned 1 exit status
configure:12992: $? = 1
configure: failed program was:
| /* confdefs.h */
| #define PACKAGE_NAME "libnice"
| #define PACKAGE_TARNAME "libnice"
| #define PACKAGE_VERSION "0.1.14.1"
| #define PACKAGE_STRING "libnice 0.1.14.1"
| #define PACKAGE_BUGREPORT ""
| #define PACKAGE_URL ""
| #define PACKAGE "libnice"
| #define VERSION "0.1.14.1"
| #define STDC_HEADERS 1
| #define HAVE_SYS_TYPES_H 1
| #define HAVE_SYS_STAT_H 1
| #define HAVE_STDLIB_H 1
| #define HAVE_STRING_H 1
| #define HAVE_MEMORY_H 1
| #define HAVE_STRINGS_H 1
| #define HAVE_INTTYPES_H 1
| #define HAVE_STDINT_H 1
| #define HAVE_UNISTD_H 1
| #define __EXTENSIONS__ 1
| #define _ALL_SOURCE 1
| #define _GNU_SOURCE 1
| #define _POSIX_PTHREAD_SEMANTICS 1
| #define _TANDEM_SOURCE 1
| #define HAVE_DLFCN_H 1
| #define LT_OBJDIR ".libs/"
| /* end confdefs.h.  */
| /* Define dlopen to an innocuous variant, in case <limits.h> declares dlopen.
|    For example, HP-UX 11i <limits.h> declares gettimeofday.  */
| #define dlopen innocuous_dlopen
| 
| /* System header to define __stub macros and hopefully few prototypes,
|     which can conflict with char dlopen (); below.
|     Prefer <limits.h> to <assert.h> if __STDC__ is defined, since
|     <limits.h> exists even on freestanding compilers.  */
| 
| #ifdef __STDC__
| # include <limits.h>
| #else
| # include <assert.h>
| #endif
| 
| #undef dlopen
| 
| /* Override any GCC internal prototype to avoid an error.
|    Use char because int might match the return type of a GCC
|    builtin and then its argument prototype would still apply.  */
| #ifdef __cplusplus
| extern "C"
| #endif
| char dlopen ();
| /* The GNU C library defines this for functions which it implements
|     to always fail with ENOSYS.  Some functions are actually named
|     something starting with __ and the normal name is an alias.  */
| #if defined __stub_dlopen || defined __stub___dlopen
| choke me
| #endif
| 
| int
| main ()
| {
| return dlopen ();
|   ;
|   return 0;
| }
configure:12992: result: no
configure:12996: checking for dlopen in -ldl
configure:13021: gcc -o conftest -g -O2   conftest.c -ldl   >&5
configure:13021: $? = 0
configure:13030: result: yes
configure:13149: checking whether a program can dlopen itself
configure:13229: gcc -o conftest -g -O2  -DHAVE_DLFCN_H  -Wl,--export-dynamic conftest.c -ldl  >&5
configure:13232: $? = 0
configure:13250: result: yes
configure:13255: checking whether a statically linked program can dlopen itself
configure:13335: gcc -o conftest -g -O2  -DHAVE_DLFCN_H  -Wl,--export-dynamic -static conftest.c -ldl  >&5
/tmp/cctrY7e1.o: In function `main':
/opt/p2p/libnice/configure:13314: warning: Using 'dlopen' in statically linked applications requires at runtime the shared libraries from the glibc version used for linking
/usr/bin/ld: dynamic STT_GNU_IFUNC symbol `strcmp' with pointer equality in `/usr/lib/gcc/i686-linux-gnu/5/../../../i386-linux-gnu/libc.a(strcmp.o)' can not be used when making an executable; recompile with -fPIE and relink with -pie
collect2: error: ld returned 1 exit status
configure:13338: $? = 1
configure:13356: result: no
configure:13395: checking whether stripping libraries is possible
configure:13400: result: yes
configure:13435: checking if libtool supports shared libraries
configure:13437: result: yes
configure:13440: checking whether to build shared libraries
configure:13465: result: yes
configure:13468: checking whether to build static libraries
configure:13472: result: no
configure:13511: checking for glib-mkenums
configure:13529: found /usr/bin/glib-mkenums
configure:13541: result: /usr/bin/glib-mkenums
configure:13551: checking operating system
configure:13561: result: linux/other
configure:13577: checking for C/C++ restrict keyword
configure:13602: gcc -c -g -O2  conftest.c >&5
configure:13602: $? = 0
configure:13610: result: __restrict
configure:13624: checking for variable-length arrays
configure:13640: gcc -c -g -O2  conftest.c >&5
configure:13640: $? = 0
configure:13647: result: yes
configure:13656: checking whether to enable assertions
configure:13674: result: yes
configure:13677: checking for stdbool.h that conforms to C99
configure:13744: gcc -c -g -O2  conftest.c >&5
configure:13744: $? = 0
configure:13751: result: yes
configure:13753: checking for _Bool
configure:13753: gcc -c -g -O2  conftest.c >&5
configure:13753: $? = 0
configure:13753: gcc -c -g -O2  conftest.c >&5
conftest.c: In function 'main':
conftest.c:66:20: error: expected expression before ')' token
 if (sizeof ((_Bool)))
                    ^
configure:13753: $? = 1
configure: failed program was:
| /* confdefs.h */
| #define PACKAGE_NAME "libnice"
| #define PACKAGE_TARNAME "libnice"
| #define PACKAGE_VERSION "0.1.14.1"
| #define PACKAGE_STRING "libnice 0.1.14.1"
| #define PACKAGE_BUGREPORT ""
| #define PACKAGE_URL ""
| #define PACKAGE "libnice"
| #define VERSION "0.1.14.1"
| #define STDC_HEADERS 1
| #define HAVE_SYS_TYPES_H 1
| #define HAVE_SYS_STAT_H 1
| #define HAVE_STDLIB_H 1
| #define HAVE_STRING_H 1
| #define HAVE_MEMORY_H 1
| #define HAVE_STRINGS_H 1
| #define HAVE_INTTYPES_H 1
| #define HAVE_STDINT_H 1
| #define HAVE_UNISTD_H 1
| #define __EXTENSIONS__ 1
| #define _ALL_SOURCE 1
| #define _GNU_SOURCE 1
| #define _POSIX_PTHREAD_SEMANTICS 1
| #define _TANDEM_SOURCE 1
| #define HAVE_DLFCN_H 1
| #define LT_OBJDIR ".libs/"
| #define restrict __restrict
| #define HAVE_C_VARARRAYS 1
| /* end confdefs.h.  */
| #include <stdio.h>
| #ifdef HAVE_SYS_TYPES_H
| # include <sys/types.h>
| #endif
| #ifdef HAVE_SYS_STAT_H
| # include <sys/stat.h>
| #endif
| #ifdef STDC_HEADERS
| # include <stdlib.h>
| # include <stddef.h>
| #else
| # ifdef HAVE_STDLIB_H
| #  include <stdlib.h>
| # endif
| #endif
| #ifdef HAVE_STRING_H
| # if !defined STDC_HEADERS && defined HAVE_MEMORY_H
| #  include <memory.h>
| # endif
| # include <string.h>
| #endif
| #ifdef HAVE_STRINGS_H
| # include <strings.h>
| #endif
| #ifdef HAVE_INTTYPES_H
| # include <inttypes.h>
| #endif
| #ifdef HAVE_STDINT_H
| # include <stdint.h>
| #endif
| #ifdef HAVE_UNISTD_H
| # include <unistd.h>
| #endif
| int
| main ()
| {
| if (sizeof ((_Bool)))
| 	    return 0;
|   ;
|   return 0;
| }
configure:13753: result: yes
configure:13777: checking arpa/inet.h usability
configure:13777: gcc -c -g -O2  conftest.c >&5
configure:13777: $? = 0
configure:13777: result: yes
configure:13777: checking arpa/inet.h presence
configure:13777: gcc -E  conftest.c
configure:13777: $? = 0
configure:13777: result: yes
configure:13777: checking for arpa/inet.h
configure:13777: result: yes
configure:13777: checking net/in.h usability
configure:13777: gcc -c -g -O2  conftest.c >&5
conftest.c:67:20: fatal error: net/in.h: No such file or directory
compilation terminated.
configure:13777: $? = 1
configure: failed program was:
| /* confdefs.h */
| #define PACKAGE_NAME "libnice"
| #define PACKAGE_TARNAME "libnice"
| #define PACKAGE_VERSION "0.1.14.1"
| #define PACKAGE_STRING "libnice 0.1.14.1"
| #define PACKAGE_BUGREPORT ""
| #define PACKAGE_URL ""
| #define PACKAGE "libnice"
| #define VERSION "0.1.14.1"
| #define STDC_HEADERS 1
| #define HAVE_SYS_TYPES_H 1
| #define HAVE_SYS_STAT_H 1
| #define HAVE_STDLIB_H 1
| #define HAVE_STRING_H 1
| #define HAVE_MEMORY_H 1
| #define HAVE_STRINGS_H 1
| #define HAVE_INTTYPES_H 1
| #define HAVE_STDINT_H 1
| #define HAVE_UNISTD_H 1
| #define __EXTENSIONS__ 1
| #define _ALL_SOURCE 1
| #define _GNU_SOURCE 1
| #define _POSIX_PTHREAD_SEMANTICS 1
| #define _TANDEM_SOURCE 1
| #define HAVE_DLFCN_H 1
| #define LT_OBJDIR ".libs/"
| #define restrict __restrict
| #define HAVE_C_VARARRAYS 1
| #define HAVE__BOOL 1
| #define HAVE_STDBOOL_H 1
| #define NICEAPI_EXPORT  
| #define HAVE_ARPA_INET_H 1
| /* end confdefs.h.  */
| #include <stdio.h>
| #ifdef HAVE_SYS_TYPES_H
| # include <sys/types.h>
| #endif
| #ifdef HAVE_SYS_STAT_H
| # include <sys/stat.h>
| #endif
| #ifdef STDC_HEADERS
| # include <stdlib.h>
| # include <stddef.h>
| #else
| # ifdef HAVE_STDLIB_H
| #  include <stdlib.h>
| # endif
| #endif
| #ifdef HAVE_STRING_H
| # if !defined STDC_HEADERS && defined HAVE_MEMORY_H
| #  include <memory.h>
| # endif
| # include <string.h>
| #endif
| #ifdef HAVE_STRINGS_H
| # include <strings.h>
| #endif
| #ifdef HAVE_INTTYPES_H
| # include <inttypes.h>
| #endif
| #ifdef HAVE_STDINT_H
| # include <stdint.h>
| #endif
| #ifdef HAVE_UNISTD_H
| # include <unistd.h>
| #endif
| #include <net/in.h>
configure:13777: result: no
configure:13777: checking net/in.h presence
configure:13777: gcc -E  conftest.c
conftest.c:34:20: fatal error: net/in.h: No such file or directory
compilation terminated.
configure:13777: $? = 1
configure: failed program was:
| /* confdefs.h */
| #define PACKAGE_NAME "libnice"
| #define PACKAGE_TARNAME "libnice"
| #define PACKAGE_VERSION "0.1.14.1"
| #define PACKAGE_STRING "libnice 0.1.14.1"
| #define PACKAGE_BUGREPORT ""
| #define PACKAGE_URL ""
| #define PACKAGE "libnice"
| #define VERSION "0.1.14.1"
| #define STDC_HEADERS 1
| #define HAVE_SYS_TYPES_H 1
| #define HAVE_SYS_STAT_H 1
| #define HAVE_STDLIB_H 1
| #define HAVE_STRING_H 1
| #define HAVE_MEMORY_H 1
| #define HAVE_STRINGS_H 1
| #define HAVE_INTTYPES_H 1
| #define HAVE_STDINT_H 1
| #define HAVE_UNISTD_H 1
| #define __EXTENSIONS__ 1
| #define _ALL_SOURCE 1
| #define _GNU_SOURCE 1
| #define _POSIX_PTHREAD_SEMANTICS 1
| #define _TANDEM_SOURCE 1
| #define HAVE_DLFCN_H 1
| #define LT_OBJDIR ".libs/"
| #define restrict __restrict
| #define HAVE_C_VARARRAYS 1
| #define HAVE__BOOL 1
| #define HAVE_STDBOOL_H 1
| #define NICEAPI_EXPORT  
| #define HAVE_ARPA_INET_H 1
| /* end confdefs.h.  */
| #include <net/in.h>
configure:13777: result: no
configure:13777: checking for net/in.h
configure:13777: result: no
configure:13777: checking netdb.h usability
configure:13777: gcc -c -g -O2  conftest.c >&5
configure:13777: $? = 0
configure:13777: result: yes
configure:13777: checking netdb.h presence
configure:13777: gcc -E  conftest.c
configure:13777: $? = 0
configure:13777: result: yes
configure:13777: checking for netdb.h
configure:13777: result: yes
configure:13789: checking ifaddrs.h usability
configure:13789: gcc -c -g -O2  conftest.c >&5
configure:13789: $? = 0
configure:13789: result: yes
configure:13789: checking ifaddrs.h presence
configure:13789: gcc -E  conftest.c
configure:13789: $? = 0
configure:13789: result: yes
configure:13789: checking for ifaddrs.h
configure:13789: result: yes
configure:13802: checking for size_t
configure:13802: gcc -c -g -O2  conftest.c >&5
configure:13802: $? = 0
configure:13802: gcc -c -g -O2  conftest.c >&5
conftest.c: In function 'main':
conftest.c:73:21: error: expected expression before ')' token
 if (sizeof ((size_t)))
                     ^
configure:13802: $? = 1
configure: failed program was:
| /* confdefs.h */
| #define PACKAGE_NAME "libnice"
| #define PACKAGE_TARNAME "libnice"
| #define PACKAGE_VERSION "0.1.14.1"
| #define PACKAGE_STRING "libnice 0.1.14.1"
| #define PACKAGE_BUGREPORT ""
| #define PACKAGE_URL ""
| #define PACKAGE "libnice"
| #define VERSION "0.1.14.1"
| #define STDC_HEADERS 1
| #define HAVE_SYS_TYPES_H 1
| #define HAVE_SYS_STAT_H 1
| #define HAVE_STDLIB_H 1
| #define HAVE_STRING_H 1
| #define HAVE_MEMORY_H 1
| #define HAVE_STRINGS_H 1
| #define HAVE_INTTYPES_H 1
| #define HAVE_STDINT_H 1
| #define HAVE_UNISTD_H 1
| #define __EXTENSIONS__ 1
| #define _ALL_SOURCE 1
| #define _GNU_SOURCE 1
| #define _POSIX_PTHREAD_SEMANTICS 1
| #define _TANDEM_SOURCE 1
| #define HAVE_DLFCN_H 1
| #define LT_OBJDIR ".libs/"
| #define restrict __restrict
| #define HAVE_C_VARARRAYS 1
| #define HAVE__BOOL 1
| #define HAVE_STDBOOL_H 1
| #define NICEAPI_EXPORT  
| #define HAVE_ARPA_INET_H 1
| #define HAVE_NETDB_H 1
| #define HAVE_IFADDRS_H 1
| #define HAVE_GETIFADDRS 1
| /* end confdefs.h.  */
| #include <stdio.h>
| #ifdef HAVE_SYS_TYPES_H
| # include <sys/types.h>
| #endif
| #ifdef HAVE_SYS_STAT_H
| # include <sys/stat.h>
| #endif
| #ifdef STDC_HEADERS
| # include <stdlib.h>
| # include <stddef.h>
| #else
| # ifdef HAVE_STDLIB_H
| #  include <stdlib.h>
| # endif
| #endif
| #ifdef HAVE_STRING_H
| # if !defined STDC_HEADERS && defined HAVE_MEMORY_H
| #  include <memory.h>
| # endif
| # include <string.h>
| #endif
| #ifdef HAVE_STRINGS_H
| # include <strings.h>
| #endif
| #ifdef HAVE_INTTYPES_H
| # include <inttypes.h>
| #endif
| #ifdef HAVE_STDINT_H
| # include <stdint.h>
| #endif
| #ifdef HAVE_UNISTD_H
| # include <unistd.h>
| #endif
| int
| main ()
| {
| if (sizeof ((size_t)))
| 	    return 0;
|   ;
|   return 0;
| }
configure:13802: result: yes
configure:13811: checking for ssize_t
configure:13811: gcc -c -g -O2  conftest.c >&5
configure:13811: $? = 0
configure:13811: gcc -c -g -O2  conftest.c >&5
conftest.c: In function 'main':
conftest.c:74:22: error: expected expression before ')' token
 if (sizeof ((ssize_t)))
                      ^
configure:13811: $? = 1
configure: failed program was:
| /* confdefs.h */
| #define PACKAGE_NAME "libnice"
| #define PACKAGE_TARNAME "libnice"
| #define PACKAGE_VERSION "0.1.14.1"
| #define PACKAGE_STRING "libnice 0.1.14.1"
| #define PACKAGE_BUGREPORT ""
| #define PACKAGE_URL ""
| #define PACKAGE "libnice"
| #define VERSION "0.1.14.1"
| #define STDC_HEADERS 1
| #define HAVE_SYS_TYPES_H 1
| #define HAVE_SYS_STAT_H 1
| #define HAVE_STDLIB_H 1
| #define HAVE_STRING_H 1
| #define HAVE_MEMORY_H 1
| #define HAVE_STRINGS_H 1
| #define HAVE_INTTYPES_H 1
| #define HAVE_STDINT_H 1
| #define HAVE_UNISTD_H 1
| #define __EXTENSIONS__ 1
| #define _ALL_SOURCE 1
| #define _GNU_SOURCE 1
| #define _POSIX_PTHREAD_SEMANTICS 1
| #define _TANDEM_SOURCE 1
| #define HAVE_DLFCN_H 1
| #define LT_OBJDIR ".libs/"
| #define restrict __restrict
| #define HAVE_C_VARARRAYS 1
| #define HAVE__BOOL 1
| #define HAVE_STDBOOL_H 1
| #define NICEAPI_EXPORT  
| #define HAVE_ARPA_INET_H 1
| #define HAVE_NETDB_H 1
| #define HAVE_IFADDRS_H 1
| #define HAVE_GETIFADDRS 1
| #define HAVE_SIZE_T 1
| /* end confdefs.h.  */
| #include <stdio.h>
| #ifdef HAVE_SYS_TYPES_H
| # include <sys/types.h>
| #endif
| #ifdef HAVE_SYS_STAT_H
| # include <sys/stat.h>
| #endif
| #ifdef STDC_HEADERS
| # include <stdlib.h>
| # include <stddef.h>
| #else
| # ifdef HAVE_STDLIB_H
| #  include <stdlib.h>
| # endif
| #endif
| #ifdef HAVE_STRING_H
| # if !defined STDC_HEADERS && defined HAVE_MEMORY_H
| #  include <memory.h>
| # endif
| # include <string.h>
| #endif
| #ifdef HAVE_STRINGS_H
| # include <strings.h>
| #endif
| #ifdef HAVE_INTTYPES_H
| # include <inttypes.h>
| #endif
| #ifdef HAVE_STDINT_H
| # include <stdint.h>
| #endif
| #ifdef HAVE_UNISTD_H
| # include <unistd.h>
| #endif
| int
| main ()
| {
| if (sizeof ((ssize_t)))
| 	    return 0;
|   ;
|   return 0;
| }
configure:13811: result: yes
configure:13842: checking to see if compiler understands -Werror -fno-strict-aliasing
configure:13859: gcc -c -g -O2 -Werror -fno-strict-aliasing  conftest.c >&5
configure:13859: $? = 0
configure:13874: result: yes
configure:13882: checking to see if compiler understands -Werror -Wall
configure:13899: gcc -c -g -O2 -Werror -Wall  conftest.c >&5
configure:13899: $? = 0
configure:13914: result: yes
configure:13924: checking to see if compiler understands -Werror -Wextra
configure:13941: gcc -c -g -O2 -Werror -Wextra  conftest.c >&5
configure:13941: $? = 0
configure:13956: result: yes
configure:13961: checking to see if compiler understands -Werror -Wundef
configure:13978: gcc -c -g -O2 -Werror -Wundef  conftest.c >&5
configure:13978: $? = 0
configure:13993: result: yes
configure:13998: checking to see if compiler understands -Werror -Wnested-externs
configure:14015: gcc -c -g -O2 -Werror -Wnested-externs  conftest.c >&5
configure:14015: $? = 0
configure:14030: result: yes
configure:14035: checking to see if compiler understands -Werror -Wwrite-strings
configure:14052: gcc -c -g -O2 -Werror -Wwrite-strings  conftest.c >&5
configure:14052: $? = 0
configure:14067: result: yes
configure:14072: checking to see if compiler understands -Werror -Wpointer-arith
configure:14089: gcc -c -g -O2 -Werror -Wpointer-arith  conftest.c >&5
configure:14089: $? = 0
configure:14104: result: yes
configure:14109: checking to see if compiler understands -Werror -Wmissing-declarations
configure:14126: gcc -c -g -O2 -Werror -Wmissing-declarations  conftest.c >&5
configure:14126: $? = 0
configure:14141: result: yes
configure:14146: checking to see if compiler understands -Werror -Wmissing-prototypes
configure:14163: gcc -c -g -O2 -Werror -Wmissing-prototypes  conftest.c >&5
configure:14163: $? = 0
configure:14178: result: yes
configure:14183: checking to see if compiler understands -Werror -Wstrict-prototypes
configure:14200: gcc -c -g -O2 -Werror -Wstrict-prototypes  conftest.c >&5
conftest.c:41:1: error: function declaration isn't a prototype [-Werror=strict-prototypes]
 main ()
 ^
cc1: all warnings being treated as errors
configure:14200: $? = 1
configure: failed program was:
| /* confdefs.h */
| #define PACKAGE_NAME "libnice"
| #define PACKAGE_TARNAME "libnice"
| #define PACKAGE_VERSION "0.1.14.1"
| #define PACKAGE_STRING "libnice 0.1.14.1"
| #define PACKAGE_BUGREPORT ""
| #define PACKAGE_URL ""
| #define PACKAGE "libnice"
| #define VERSION "0.1.14.1"
| #define STDC_HEADERS 1
| #define HAVE_SYS_TYPES_H 1
| #define HAVE_SYS_STAT_H 1
| #define HAVE_STDLIB_H 1
| #define HAVE_STRING_H 1
| #define HAVE_MEMORY_H 1
| #define HAVE_STRINGS_H 1
| #define HAVE_INTTYPES_H 1
| #define HAVE_STDINT_H 1
| #define HAVE_UNISTD_H 1
| #define __EXTENSIONS__ 1
| #define _ALL_SOURCE 1
| #define _GNU_SOURCE 1
| #define _POSIX_PTHREAD_SEMANTICS 1
| #define _TANDEM_SOURCE 1
| #define HAVE_DLFCN_H 1
| #define LT_OBJDIR ".libs/"
| #define restrict __restrict
| #define HAVE_C_VARARRAYS 1
| #define HAVE__BOOL 1
| #define HAVE_STDBOOL_H 1
| #define NICEAPI_EXPORT  
| #define HAVE_ARPA_INET_H 1
| #define HAVE_NETDB_H 1
| #define HAVE_IFADDRS_H 1
| #define HAVE_GETIFADDRS 1
| #define HAVE_SIZE_T 1
| #define HAVE_SSIZE_T 1
| /* end confdefs.h.  */
| 
| int
| main ()
| {
| 
|   ;
|   return 0;
| }
configure:14215: result: no
configure:14220: checking to see if compiler understands -Werror -Wredundant-decls
configure:14237: gcc -c -g -O2 -Werror -Wredundant-decls  conftest.c >&5
configure:14237: $? = 0
configure:14252: result: yes
configure:14257: checking to see if compiler understands -Werror -Wno-unused-parameter
configure:14274: gcc -c -g -O2 -Werror -Wno-unused-parameter  conftest.c >&5
configure:14274: $? = 0
configure:14289: result: yes
configure:14294: checking to see if compiler understands -Werror -Wno-missing-field-initializers
configure:14311: gcc -c -g -O2 -Werror -Wno-missing-field-initializers  conftest.c >&5
configure:14311: $? = 0
configure:14326: result: yes
configure:14331: checking to see if compiler understands -Werror -Wdeclaration-after-statement
configure:14348: gcc -c -g -O2 -Werror -Wdeclaration-after-statement  conftest.c >&5
configure:14348: $? = 0
configure:14363: result: yes
configure:14368: checking to see if compiler understands -Werror -Wformat=2
configure:14385: gcc -c -g -O2 -Werror -Wformat=2  conftest.c >&5
configure:14385: $? = 0
configure:14400: result: yes
configure:14405: checking to see if compiler understands -Werror -Wold-style-definition
configure:14422: gcc -c -g -O2 -Werror -Wold-style-definition  conftest.c >&5
conftest.c: In function 'main':
conftest.c:41:1: error: old-style function definition [-Werror=old-style-definition]
 main ()
 ^
cc1: all warnings being treated as errors
configure:14422: $? = 1
configure: failed program was:
| /* confdefs.h */
| #define PACKAGE_NAME "libnice"
| #define PACKAGE_TARNAME "libnice"
| #define PACKAGE_VERSION "0.1.14.1"
| #define PACKAGE_STRING "libnice 0.1.14.1"
| #define PACKAGE_BUGREPORT ""
| #define PACKAGE_URL ""
| #define PACKAGE "libnice"
| #define VERSION "0.1.14.1"
| #define STDC_HEADERS 1
| #define HAVE_SYS_TYPES_H 1
| #define HAVE_SYS_STAT_H 1
| #define HAVE_STDLIB_H 1
| #define HAVE_STRING_H 1
| #define HAVE_MEMORY_H 1
| #define HAVE_STRINGS_H 1
| #define HAVE_INTTYPES_H 1
| #define HAVE_STDINT_H 1
| #define HAVE_UNISTD_H 1
| #define __EXTENSIONS__ 1
| #define _ALL_SOURCE 1
| #define _GNU_SOURCE 1
| #define _POSIX_PTHREAD_SEMANTICS 1
| #define _TANDEM_SOURCE 1
| #define HAVE_DLFCN_H 1
| #define LT_OBJDIR ".libs/"
| #define restrict __restrict
| #define HAVE_C_VARARRAYS 1
| #define HAVE__BOOL 1
| #define HAVE_STDBOOL_H 1
| #define NICEAPI_EXPORT  
| #define HAVE_ARPA_INET_H 1
| #define HAVE_NETDB_H 1
| #define HAVE_IFADDRS_H 1
| #define HAVE_GETIFADDRS 1
| #define HAVE_SIZE_T 1
| #define HAVE_SSIZE_T 1
| /* end confdefs.h.  */
| 
| int
| main ()
| {
| 
|   ;
|   return 0;
| }
configure:14437: result: no
configure:14442: checking to see if compiler understands -Werror -Wcast-align
configure:14459: gcc -c -g -O2 -Werror -Wcast-align  conftest.c >&5
configure:14459: $? = 0
configure:14474: result: yes
configure:14479: checking to see if compiler understands -Werror -Wformat-nonliteral
configure:14496: gcc -c -g -O2 -Werror -Wformat-nonliteral  conftest.c >&5
configure:14496: $? = 0
configure:14511: result: yes
configure:14516: checking to see if compiler understands -Werror -Wformat-security
configure:14533: gcc -c -g -O2 -Werror -Wformat-security  conftest.c >&5
configure:14533: $? = 0
configure:14548: result: yes
configure:14559: checking to see if compiler understands -Werror -Wsign-compare
configure:14576: gcc -c -g -O2 -Werror -Wsign-compare  conftest.c >&5
configure:14576: $? = 0
configure:14591: result: yes
configure:14596: checking to see if compiler understands -Werror -Wstrict-aliasing
configure:14613: gcc -c -g -O2 -Werror -Wstrict-aliasing  conftest.c >&5
configure:14613: $? = 0
configure:14628: result: yes
configure:14633: checking to see if compiler understands -Werror -Wshadow
configure:14650: gcc -c -g -O2 -Werror -Wshadow  conftest.c >&5
configure:14650: $? = 0
configure:14665: result: yes
configure:14670: checking to see if compiler understands -Werror -Winline
configure:14687: gcc -c -g -O2 -Werror -Winline  conftest.c >&5
configure:14687: $? = 0
configure:14702: result: yes
configure:14707: checking to see if compiler understands -Werror -Wpacked
configure:14724: gcc -c -g -O2 -Werror -Wpacked  conftest.c >&5
configure:14724: $? = 0
configure:14739: result: yes
configure:14744: checking to see if compiler understands -Werror -Wmissing-format-attribute
configure:14761: gcc -c -g -O2 -Werror -Wmissing-format-attribute  conftest.c >&5
configure:14761: $? = 0
configure:14776: result: yes
configure:14781: checking to see if compiler understands -Werror -Winit-self
configure:14798: gcc -c -g -O2 -Werror -Winit-self  conftest.c >&5
configure:14798: $? = 0
configure:14813: result: yes
configure:14818: checking to see if compiler understands -Werror -Wredundant-decls
configure:14835: gcc -c -g -O2 -Werror -Wredundant-decls  conftest.c >&5
configure:14835: $? = 0
configure:14850: result: yes
configure:14855: checking to see if compiler understands -Werror -Wmissing-include-dirs
configure:14872: gcc -c -g -O2 -Werror -Wmissing-include-dirs  conftest.c >&5
configure:14872: $? = 0
configure:14887: result: yes
configure:14892: checking to see if compiler understands -Werror -Wunused-but-set-variable
configure:14909: gcc -c -g -O2 -Werror -Wunused-but-set-variable  conftest.c >&5
configure:14909: $? = 0
configure:14924: result: yes
configure:14929: checking to see if compiler understands -Werror -Warray-bounds
configure:14946: gcc -c -g -O2 -Werror -Warray-bounds  conftest.c >&5
configure:14946: $? = 0
configure:14961: result: yes
configure:14971: checking to see if compiler understands -Werror -Wswitch-default
configure:14988: gcc -c -g -O2 -Werror -Wswitch-default  conftest.c >&5
configure:14988: $? = 0
configure:15003: result: yes
configure:15008: checking to see if compiler understands -Werror -Waggregate-return
configure:15025: gcc -c -g -O2 -Werror -Waggregate-return  conftest.c >&5
configure:15025: $? = 0
configure:15040: result: yes
configure:15049: checking to see if compiler understands -Werror -Werror
configure:15066: gcc -c -g -O2 -Werror -Werror  conftest.c >&5
configure:15066: $? = 0
configure:15081: result: yes
configure:15086: checking to see if compiler understands -Werror -Wno-suggest-attribute=format
configure:15103: gcc -c -g -O2 -Werror -Wno-suggest-attribute=format  conftest.c >&5
configure:15103: $? = 0
configure:15118: result: yes
configure:15128: checking for library containing inet_pton
configure:15159: gcc -o conftest -g -O2   conftest.c  >&5
configure:15159: $? = 0
configure:15176: result: none required
configure:15184: checking for library containing socket
configure:15215: gcc -o conftest -g -O2   conftest.c  >&5
configure:15215: $? = 0
configure:15232: result: none required
configure:15252: set LIBNICE_CFLAGS to -DGLIB_VERSION_MIN_REQUIRED=GLIB_VERSION_2_44 -DGLIB_VERSION_MAX_ALLOWED=GLIB_VERSION_2_44 -fno-strict-aliasing -Wall -Wextra -Wundef -Wnested-externs -Wwrite-strings -Wpointer-arith -Wmissing-declarations -Wmissing-prototypes -Wredundant-decls -Wno-unused-parameter -Wno-missing-field-initializers -Wdeclaration-after-statement -Wformat=2 -Wcast-align -Wformat-nonliteral -Wformat-security -Wsign-compare -Wstrict-aliasing -Wshadow -Winline -Wpacked -Wmissing-format-attribute -Winit-self -Wredundant-decls -Wmissing-include-dirs -Wunused-but-set-variable -Warray-bounds -Wswitch-default -Waggregate-return -Werror -Wno-suggest-attribute=format
configure:15256: checking for clock_gettime in -lrt
configure:15281: gcc -o conftest -g -O2   conftest.c -lrt   >&5
configure:15281: $? = 0
configure:15290: result: yes
configure:15300: checking for poll
configure:15300: gcc -o conftest -g -O2   conftest.c  >&5
configure:15300: $? = 0
configure:15300: result: yes
configure:15368: checking for pkg-config
configure:15386: found /usr/bin/pkg-config
configure:15398: result: /usr/bin/pkg-config
configure:15423: checking pkg-config is at least version 0.9.0
configure:15426: result: yes
configure:15436: checking for GNUTLS
configure:15443: $PKG_CONFIG --exists --print-errors "$GNUTLS_PACKAGES_PRIVATE"
configure:15446: $? = 0
configure:15460: $PKG_CONFIG --exists --print-errors "$GNUTLS_PACKAGES_PRIVATE"
configure:15463: $? = 0
configure:15521: result: yes
configure:15531: checking for GLIB
configure:15538: $PKG_CONFIG --exists --print-errors "$NICE_PACKAGES_PUBLIC $NICE_PACKAGES_PRIVATE"
configure:15541: $? = 0
configure:15555: $PKG_CONFIG --exists --print-errors "$NICE_PACKAGES_PUBLIC $NICE_PACKAGES_PRIVATE"
configure:15558: $? = 0
configure:15616: result: yes
configure:15650: checking for GST
configure:15660: $PKG_CONFIG --exists --print-errors "
		gstreamer-1.0 >= 0.11.91
		gstreamer-base-1.0 >= 0.11.91
		"
Package gstreamer-1.0 was not found in the pkg-config search path.
Perhaps you should add the directory containing `gstreamer-1.0.pc'
to the PKG_CONFIG_PATH environment variable
No package 'gstreamer-1.0' found
Package gstreamer-base-1.0 was not found in the pkg-config search path.
Perhaps you should add the directory containing `gstreamer-base-1.0.pc'
to the PKG_CONFIG_PATH environment variable
No package 'gstreamer-base-1.0' found
configure:15666: $? = 1
configure:15686: $PKG_CONFIG --exists --print-errors "
		gstreamer-1.0 >= 0.11.91
		gstreamer-base-1.0 >= 0.11.91
		"
Package gstreamer-1.0 was not found in the pkg-config search path.
Perhaps you should add the directory containing `gstreamer-1.0.pc'
to the PKG_CONFIG_PATH environment variable
No package 'gstreamer-1.0' found
Package gstreamer-base-1.0 was not found in the pkg-config search path.
Perhaps you should add the directory containing `gstreamer-base-1.0.pc'
to the PKG_CONFIG_PATH environment variable
No package 'gstreamer-base-1.0' found
configure:15692: $? = 1
configure:15709: result: no
No package 'gstreamer-1.0' found
No package 'gstreamer-base-1.0' found
configure:15766: checking for GST_CHECK
configure:15775: $PKG_CONFIG --exists --print-errors "
		gstreamer-check-1.0 >= 0.11.91
		"
Package gstreamer-check-1.0 was not found in the pkg-config search path.
Perhaps you should add the directory containing `gstreamer-check-1.0.pc'
to the PKG_CONFIG_PATH environment variable
No package 'gstreamer-check-1.0' found
configure:15780: $? = 1
configure:15798: $PKG_CONFIG --exists --print-errors "
		gstreamer-check-1.0 >= 0.11.91
		"
Package gstreamer-check-1.0 was not found in the pkg-config search path.
Perhaps you should add the directory containing `gstreamer-check-1.0.pc'
to the PKG_CONFIG_PATH environment variable
No package 'gstreamer-check-1.0' found
configure:15803: $? = 1
configure:15819: result: no
No package 'gstreamer-check-1.0' found
configure:15865: checking for GST010
configure:15875: $PKG_CONFIG --exists --print-errors "
		gstreamer-0.10 >= 0.10.10
		gstreamer-base-0.10 >= 0.10.10
		"
Package gstreamer-0.10 was not found in the pkg-config search path.
Perhaps you should add the directory containing `gstreamer-0.10.pc'
to the PKG_CONFIG_PATH environment variable
No package 'gstreamer-0.10' found
Package gstreamer-base-0.10 was not found in the pkg-config search path.
Perhaps you should add the directory containing `gstreamer-base-0.10.pc'
to the PKG_CONFIG_PATH environment variable
No package 'gstreamer-base-0.10' found
configure:15881: $? = 1
configure:15901: $PKG_CONFIG --exists --print-errors "
		gstreamer-0.10 >= 0.10.10
		gstreamer-base-0.10 >= 0.10.10
		"
Package gstreamer-0.10 was not found in the pkg-config search path.
Perhaps you should add the directory containing `gstreamer-0.10.pc'
to the PKG_CONFIG_PATH environment variable
No package 'gstreamer-0.10' found
Package gstreamer-base-0.10 was not found in the pkg-config search path.
Perhaps you should add the directory containing `gstreamer-base-0.10.pc'
to the PKG_CONFIG_PATH environment variable
No package 'gstreamer-base-0.10' found
configure:15907: $? = 1
configure:15924: result: no
No package 'gstreamer-0.10' found
No package 'gstreamer-base-0.10' found
configure:16031: checking for GUPNP
configure:16038: $PKG_CONFIG --exists --print-errors "$GUPNP_PACKAGES"
Package gupnp-igd-1.0 was not found in the pkg-config search path.
Perhaps you should add the directory containing `gupnp-igd-1.0.pc'
to the PKG_CONFIG_PATH environment variable
No package 'gupnp-igd-1.0' found
configure:16041: $? = 1
configure:16055: $PKG_CONFIG --exists --print-errors "$GUPNP_PACKAGES"
Package gupnp-igd-1.0 was not found in the pkg-config search path.
Perhaps you should add the directory containing `gupnp-igd-1.0.pc'
to the PKG_CONFIG_PATH environment variable
No package 'gupnp-igd-1.0' found
configure:16058: $? = 1
configure:16072: result: no
No package 'gupnp-igd-1.0' found
configure:16139: checking whether to build static plugins or not
configure:16155: result: no
configure:16185: checking for gtk-doc
configure:16188: $PKG_CONFIG --exists --print-errors "$gtk_doc_requires"
configure:16191: $? = 0
configure:16197: result: yes
configure:16211: checking for gtkdoc-check
configure:16227: found /usr/bin/gtkdoc-check
configure:16238: result: gtkdoc-check.test
configure:16248: checking for gtkdoc-check
configure:16266: found /usr/bin/gtkdoc-check
configure:16278: result: /usr/bin/gtkdoc-check
configure:16290: checking for gtkdoc-rebase
configure:16308: found /usr/bin/gtkdoc-rebase
configure:16320: result: /usr/bin/gtkdoc-rebase
configure:16334: checking for gtkdoc-mkpdf
configure:16352: found /usr/bin/gtkdoc-mkpdf
configure:16364: result: /usr/bin/gtkdoc-mkpdf
configure:16392: checking whether to build gtk-doc documentation
configure:16394: result: no
configure:16407: checking for GTKDOC_DEPS
configure:16414: $PKG_CONFIG --exists --print-errors "glib-2.0 >= 2.10.0 gobject-2.0  >= 2.10.0"
configure:16417: $? = 0
configure:16431: $PKG_CONFIG --exists --print-errors "glib-2.0 >= 2.10.0 gobject-2.0  >= 2.10.0"
configure:16434: $? = 0
configure:16472: result: yes
configure:16565: checking for gobject-introspection
configure:16596: $PKG_CONFIG --exists --print-errors "gobject-introspection-1.0 >= 1.30.0"
Package gobject-introspection-1.0 was not found in the pkg-config search path.
Perhaps you should add the directory containing `gobject-introspection-1.0.pc'
to the PKG_CONFIG_PATH environment variable
No package 'gobject-introspection-1.0' found
configure:16599: $? = 1
configure:16611: result: no
configure:16649: checking whether to ignore a specific network interface name prefix
configure:16666: result: no
configure:16781: checking that generated files are newer than configure
configure:16787: result: done
configure:16862: creating ./config.status

## ---------------------- ##
## Running config.status. ##
## ---------------------- ##

This file was extended by libnice config.status 0.1.14.1, which was
generated by GNU Autoconf 2.69.  Invocation command line was

  CONFIG_FILES    = 
  CONFIG_HEADERS  = 
  CONFIG_LINKS    = 
  CONFIG_COMMANDS = 
  $ ./config.status 

on ubuntu

config.status:1193: creating Makefile
config.status:1193: creating agent/Makefile
config.status:1193: creating stun/Makefile
config.status:1193: creating stun/tests/Makefile
config.status:1193: creating stun/tools/Makefile
config.status:1193: creating socket/Makefile
config.status:1193: creating nice/Makefile
config.status:1193: creating nice/nice.pc
config.status:1193: creating random/Makefile
config.status:1193: creating gst/Makefile
config.status:1193: creating docs/Makefile
config.status:1193: creating docs/reference/Makefile
config.status:1193: creating docs/reference/libnice/Makefile
config.status:1193: creating tests/Makefile
config.status:1193: creating examples/Makefile
config.status:1193: creating config.h
config.status:1374: config.h is unchanged
config.status:1422: executing depfiles commands
config.status:1422: executing libtool commands

## ---------------- ##
## Cache variables. ##
## ---------------- ##

ac_cv_build=i686-pc-linux-gnu
ac_cv_c_compiler_gnu=yes
ac_cv_c_restrict=__restrict
ac_cv_c_vararrays=yes
ac_cv_env_CC_set=
ac_cv_env_CC_value=
ac_cv_env_CFLAGS_set=
ac_cv_env_CFLAGS_value=
ac_cv_env_CPPFLAGS_set=
ac_cv_env_CPPFLAGS_value=
ac_cv_env_CPP_set=
ac_cv_env_CPP_value=
ac_cv_env_GLIB_CFLAGS_set=
ac_cv_env_GLIB_CFLAGS_value=
ac_cv_env_GLIB_LIBS_set=
ac_cv_env_GLIB_LIBS_value=
ac_cv_env_GNUTLS_CFLAGS_set=
ac_cv_env_GNUTLS_CFLAGS_value=
ac_cv_env_GNUTLS_LIBS_set=
ac_cv_env_GNUTLS_LIBS_value=
ac_cv_env_GST010_CFLAGS_set=
ac_cv_env_GST010_CFLAGS_value=
ac_cv_env_GST010_LIBS_set=
ac_cv_env_GST010_LIBS_value=
ac_cv_env_GST_CFLAGS_set=
ac_cv_env_GST_CFLAGS_value=
ac_cv_env_GST_CHECK_CFLAGS_set=
ac_cv_env_GST_CHECK_CFLAGS_value=
ac_cv_env_GST_CHECK_LIBS_set=
ac_cv_env_GST_CHECK_LIBS_value=
ac_cv_env_GST_LIBS_set=
ac_cv_env_GST_LIBS_value=
ac_cv_env_GTKDOC_DEPS_CFLAGS_set=
ac_cv_env_GTKDOC_DEPS_CFLAGS_value=
ac_cv_env_GTKDOC_DEPS_LIBS_set=
ac_cv_env_GTKDOC_DEPS_LIBS_value=
ac_cv_env_GUPNP_CFLAGS_set=
ac_cv_env_GUPNP_CFLAGS_value=
ac_cv_env_GUPNP_LIBS_set=
ac_cv_env_GUPNP_LIBS_value=
ac_cv_env_LDFLAGS_set=
ac_cv_env_LDFLAGS_value=
ac_cv_env_LIBS_set=
ac_cv_env_LIBS_value=
ac_cv_env_LT_SYS_LIBRARY_PATH_set=
ac_cv_env_LT_SYS_LIBRARY_PATH_value=
ac_cv_env_PKG_CONFIG_LIBDIR_set=
ac_cv_env_PKG_CONFIG_LIBDIR_value=
ac_cv_env_PKG_CONFIG_PATH_set=
ac_cv_env_PKG_CONFIG_PATH_value=
ac_cv_env_PKG_CONFIG_set=
ac_cv_env_PKG_CONFIG_value=
ac_cv_env_build_alias_set=
ac_cv_env_build_alias_value=
ac_cv_env_host_alias_set=
ac_cv_env_host_alias_value=
ac_cv_env_target_alias_set=
ac_cv_env_target_alias_value=
ac_cv_func_dlopen=no
ac_cv_func_poll=yes
ac_cv_func_shl_load=no
ac_cv_header_arpa_inet_h=yes
ac_cv_header_dlfcn_h=yes
ac_cv_header_ifaddrs_h=yes
ac_cv_header_inttypes_h=yes
ac_cv_header_memory_h=yes
ac_cv_header_minix_config_h=no
ac_cv_header_net_in_h=no
ac_cv_header_netdb_h=yes
ac_cv_header_stdbool_h=yes
ac_cv_header_stdc=yes
ac_cv_header_stdint_h=yes
ac_cv_header_stdlib_h=yes
ac_cv_header_string_h=yes
ac_cv_header_strings_h=yes
ac_cv_header_sys_stat_h=yes
ac_cv_header_sys_types_h=yes
ac_cv_header_unistd_h=yes
ac_cv_host=i686-pc-linux-gnu
ac_cv_lib_dl_dlopen=yes
ac_cv_lib_dld_shl_load=no
ac_cv_lib_rt_clock_gettime=yes
ac_cv_objext=o
ac_cv_path_EGREP='/bin/grep -E'
ac_cv_path_FGREP='/bin/grep -F'
ac_cv_path_GLIB_MKENUMS=/usr/bin/glib-mkenums
ac_cv_path_GREP=/bin/grep
ac_cv_path_GTKDOC_CHECK_PATH=/usr/bin/gtkdoc-check
ac_cv_path_GTKDOC_MKPDF=/usr/bin/gtkdoc-mkpdf
ac_cv_path_GTKDOC_REBASE=/usr/bin/gtkdoc-rebase
ac_cv_path_SED=/bin/sed
ac_cv_path_ac_pt_PKG_CONFIG=/usr/bin/pkg-config
ac_cv_path_install='/usr/bin/install -c'
ac_cv_path_lt_DD=/bin/dd
ac_cv_path_mkdir=/bin/mkdir
ac_cv_prog_AWK=mawk
ac_cv_prog_CPP='gcc -E'
ac_cv_prog_GTKDOC_CHECK=gtkdoc-check.test
ac_cv_prog_ac_ct_AR=ar
ac_cv_prog_ac_ct_CC=gcc
ac_cv_prog_ac_ct_MANIFEST_TOOL=mt
ac_cv_prog_ac_ct_OBJDUMP=objdump
ac_cv_prog_ac_ct_RANLIB=ranlib
ac_cv_prog_ac_ct_STRIP=strip
ac_cv_prog_cc_c89=
ac_cv_prog_cc_g=yes
ac_cv_prog_make_make_set=yes
ac_cv_safe_to_define___extensions__=yes
ac_cv_search_inet_pton='none required'
ac_cv_search_socket='none required'
ac_cv_target=i686-pc-linux-gnu
ac_cv_type__Bool=yes
ac_cv_type_size_t=yes
ac_cv_type_ssize_t=yes
am_cv_CC_dependencies_compiler_type=gcc3
am_cv_ar_interface=ar
am_cv_make_support_nested_variables=yes
am_cv_prog_cc_c_o=yes
lt_cv_ar_at_file=@
lt_cv_archive_cmds_need_lc=no
lt_cv_deplibs_check_method=pass_all
lt_cv_dlopen=dlopen
lt_cv_dlopen_libs=-ldl
lt_cv_dlopen_self=yes
lt_cv_dlopen_self_static=no
lt_cv_file_magic_cmd='$MAGIC_CMD'
lt_cv_file_magic_test_file=
lt_cv_ld_reload_flag=-r
lt_cv_nm_interface='BSD nm'
lt_cv_objdir=.libs
lt_cv_path_LD=/usr/bin/ld
lt_cv_path_NM='/usr/bin/nm -B'
lt_cv_path_mainfest_tool=no
lt_cv_prog_compiler_c_o=yes
lt_cv_prog_compiler_pic='-fPIC -DPIC'
lt_cv_prog_compiler_pic_works=yes
lt_cv_prog_compiler_rtti_exceptions=no
lt_cv_prog_compiler_static_works=yes
lt_cv_prog_gnu_ld=yes
lt_cv_sharedlib_from_linklib_cmd='printf %s\n'
lt_cv_shlibpath_overrides_runpath=no
lt_cv_sys_global_symbol_pipe='sed -n -e '\''s/^.*[	 ]\([ABCDGIRSTW][ABCDGIRSTW]*\)[	 ][	 ]*\([_A-Za-z][_A-Za-z0-9]*\)$/\1 \2 \2/p'\'' | sed '\''/ __gnu_lto/d'\'''
lt_cv_sys_global_symbol_to_c_name_address='sed -n -e '\''s/^: \(.*\) .*$/  {"\1", (void *) 0},/p'\'' -e '\''s/^[ABCDGIRSTW][ABCDGIRSTW]* .* \(.*\)$/  {"\1", (void *) \&\1},/p'\'''
lt_cv_sys_global_symbol_to_c_name_address_lib_prefix='sed -n -e '\''s/^: \(.*\) .*$/  {"\1", (void *) 0},/p'\'' -e '\''s/^[ABCDGIRSTW][ABCDGIRSTW]* .* \(lib.*\)$/  {"\1", (void *) \&\1},/p'\'' -e '\''s/^[ABCDGIRSTW][ABCDGIRSTW]* .* \(.*\)$/  {"lib\1", (void *) \&\1},/p'\'''
lt_cv_sys_global_symbol_to_cdecl='sed -n -e '\''s/^T .* \(.*\)$/extern int \1();/p'\'' -e '\''s/^[ABCDGIRSTW][ABCDGIRSTW]* .* \(.*\)$/extern char \1;/p'\'''
lt_cv_sys_global_symbol_to_import=
lt_cv_sys_max_cmd_len=1572864
lt_cv_to_host_file_cmd=func_convert_file_noop
lt_cv_to_tool_file_cmd=func_convert_file_noop
lt_cv_truncate_bin='/bin/dd bs=4096 count=1'
pkg_cv_GLIB_CFLAGS='-pthread -I/usr/include/glib-2.0 -I/usr/lib/i386-linux-gnu/glib-2.0/include'
pkg_cv_GLIB_LIBS='-lgio-2.0 -lgobject-2.0 -lgthread-2.0 -pthread -lglib-2.0'
pkg_cv_GNUTLS_CFLAGS=-I/usr/include/p11-kit-1
pkg_cv_GNUTLS_LIBS=-lgnutls
pkg_cv_GTKDOC_DEPS_CFLAGS='-I/usr/include/glib-2.0 -I/usr/lib/i386-linux-gnu/glib-2.0/include'
pkg_cv_GTKDOC_DEPS_LIBS='-lgobject-2.0 -lglib-2.0'

## ----------------- ##
## Output variables. ##
## ----------------- ##

ACLOCAL='${SHELL} /opt/p2p/libnice/missing aclocal-1.15'
AMDEPBACKSLASH='\'
AMDEP_FALSE='#'
AMDEP_TRUE=''
AMTAR='$${TAR-tar}'
AM_BACKSLASH='\'
AM_DEFAULT_V='$(AM_DEFAULT_VERBOSITY)'
AM_DEFAULT_VERBOSITY='0'
AM_V='$(V)'
AR='ar'
AS='as'
AUTOCONF='${SHELL} /opt/p2p/libnice/missing autoconf'
AUTOHEADER='${SHELL} /opt/p2p/libnice/missing autoheader'
AUTOMAKE='${SHELL} /opt/p2p/libnice/missing automake-1.15'
AWK='mawk'
CC='gcc'
CCACHE_DISABLE=''
CCDEPMODE='depmode=gcc3'
CFLAGS='-g -O2'
CPP='gcc -E'
CPPFLAGS=''
CYGPATH_W='echo'
DEFS='-DHAVE_CONFIG_H'
DEPDIR='.deps'
DLLTOOL='false'
DSYMUTIL=''
DUMPBIN=''
ECHO_C=''
ECHO_N='-n'
ECHO_T=''
EGREP='/bin/grep -E'
ENABLE_GTK_DOC_FALSE=''
ENABLE_GTK_DOC_TRUE='#'
EXEEXT=''
FGREP='/bin/grep -F'
GLIB_CFLAGS='-pthread -I/usr/include/glib-2.0 -I/usr/lib/i386-linux-gnu/glib-2.0/include'
GLIB_LIBS='-lgio-2.0 -lgobject-2.0 -lgthread-2.0 -pthread -lglib-2.0'
GLIB_MKENUMS='/usr/bin/glib-mkenums'
GNUTLS_CFLAGS='-I/usr/include/p11-kit-1'
GNUTLS_LIBS='-lgnutls'
GREP='/bin/grep'
GST010_CFLAGS=''
GST010_LIBS=''
GST_CFLAGS=''
GST_CHECK_CFLAGS=''
GST_CHECK_LIBS=''
GST_LIBS=''
GST_PLUGIN_BUILD_STATIC_FALSE=''
GST_PLUGIN_BUILD_STATIC_TRUE='#'
GTKDOC_CHECK='gtkdoc-check.test'
GTKDOC_CHECK_PATH='/usr/bin/gtkdoc-check'
GTKDOC_DEPS_CFLAGS='-I/usr/include/glib-2.0 -I/usr/lib/i386-linux-gnu/glib-2.0/include'
GTKDOC_DEPS_LIBS='-lgobject-2.0 -lglib-2.0'
GTKDOC_MKPDF='/usr/bin/gtkdoc-mkpdf'
GTKDOC_REBASE='/usr/bin/gtkdoc-rebase'
GTK_DOC_BUILD_HTML_FALSE='#'
GTK_DOC_BUILD_HTML_TRUE=''
GTK_DOC_BUILD_PDF_FALSE=''
GTK_DOC_BUILD_PDF_TRUE='#'
GTK_DOC_USE_LIBTOOL_FALSE='#'
GTK_DOC_USE_LIBTOOL_TRUE=''
GTK_DOC_USE_REBASE_FALSE='#'
GTK_DOC_USE_REBASE_TRUE=''
GUPNP_CFLAGS=''
GUPNP_LIBS=''
GUPNP_PACKAGES=''
GUPNP_PACKAGES_PRIVATE=''
GUPNP_PACKAGES_PUBLIC=''
HAVE_GST_CHECK_FALSE=''
HAVE_GST_CHECK_TRUE='#'
HAVE_GTK_DOC_FALSE='#'
HAVE_GTK_DOC_TRUE=''
HAVE_GUPNP='no'
HAVE_INTROSPECTION_FALSE=''
HAVE_INTROSPECTION_TRUE='#'
HTML_DIR='${datadir}/gtk-doc/html'
INSTALL_DATA='${INSTALL} -m 644'
INSTALL_PROGRAM='${INSTALL}'
INSTALL_SCRIPT='${INSTALL}'
INSTALL_STRIP_PROGRAM='$(install_sh) -c -s'
INTROSPECTION_CFLAGS=''
INTROSPECTION_COMPILER=''
INTROSPECTION_GENERATE=''
INTROSPECTION_GIRDIR=''
INTROSPECTION_LIBS=''
INTROSPECTION_MAKEFILE=''
INTROSPECTION_SCANNER=''
INTROSPECTION_TYPELIBDIR=''
LD='/usr/bin/ld'
LDFLAGS=''
LIBNICE_CFLAGS='-DGLIB_VERSION_MIN_REQUIRED=GLIB_VERSION_2_44 -DGLIB_VERSION_MAX_ALLOWED=GLIB_VERSION_2_44 -fno-strict-aliasing -Wall -Wextra -Wundef -Wnested-externs -Wwrite-strings -Wpointer-arith -Wmissing-declarations -Wmissing-prototypes -Wredundant-decls -Wno-unused-parameter -Wno-missing-field-initializers -Wdeclaration-after-statement -Wformat=2 -Wcast-align -Wformat-nonliteral -Wformat-security -Wsign-compare -Wstrict-aliasing -Wshadow -Winline -Wpacked -Wmissing-format-attribute -Winit-self -Wredundant-decls -Wmissing-include-dirs -Wunused-but-set-variable -Warray-bounds -Wswitch-default -Waggregate-return -Werror -Wno-suggest-attribute=format'
LIBNICE_LT_LDFLAGS='-version-info 17:0:7 -no-undefined'
LIBOBJS=''
LIBRT='-lrt'
LIBS=''
LIBTOOL='$(SHELL) $(top_builddir)/libtool'
LIPO=''
LN_S='ln -s'
LTLIBOBJS=''
LT_SYS_LIBRARY_PATH=''
MAKEINFO='${SHELL} /opt/p2p/libnice/missing makeinfo'
MANIFEST_TOOL=':'
MKDIR_P='/bin/mkdir -p'
NICE_PACKAGES_PRIVATE='gthread-2.0 gnutls >= 2.12.0'
NICE_PACKAGES_PUBLIC='glib-2.0 >= 2.44 gio-2.0 >= 2.44 gobject-2.0 >= 2.44'
NM='/usr/bin/nm -B'
NMEDIT=''
OBJDUMP='objdump'
OBJEXT='o'
OTOOL64=''
OTOOL=''
PACKAGE='libnice'
PACKAGE_BUGREPORT=''
PACKAGE_NAME='libnice'
PACKAGE_STRING='libnice 0.1.14.1'
PACKAGE_TARNAME='libnice'
PACKAGE_URL=''
PACKAGE_VERSION='0.1.14.1'
PATH_SEPARATOR=':'
PKG_CONFIG='/usr/bin/pkg-config'
PKG_CONFIG_LIBDIR=''
PKG_CONFIG_PATH=''
RANLIB='ranlib'
SED='/bin/sed'
SET_MAKE=''
SHELL='/bin/sh'
STRIP='strip'
UPNP_ENABLED=''
VERSION='0.1.14.1'
WINDOWS_FALSE=''
WINDOWS_TRUE='#'
WITH_GSTREAMER010_FALSE=''
WITH_GSTREAMER010_TRUE='#'
WITH_GSTREAMER_FALSE=''
WITH_GSTREAMER_TRUE='#'
ac_ct_AR='ar'
ac_ct_CC='gcc'
ac_ct_DUMPBIN=''
am__EXEEXT_FALSE=''
am__EXEEXT_TRUE='#'
am__fastdepCC_FALSE='#'
am__fastdepCC_TRUE=''
am__include='include'
am__isrc=''
am__leading_dot='.'
am__nodep='_no'
am__quote=''
am__tar='$${TAR-tar} chof - "$$tardir"'
am__untar='$${TAR-tar} xf -'
bindir='${exec_prefix}/bin'
build='i686-pc-linux-gnu'
build_alias=''
build_cpu='i686'
build_os='linux-gnu'
build_vendor='pc'
datadir='${datarootdir}'
datarootdir='${prefix}/share'
docdir='${datarootdir}/doc/${PACKAGE_TARNAME}'
dvidir='${docdir}'
exec_prefix='${prefix}'
gstplugin010dir=''
gstplugindir=''
host='i686-pc-linux-gnu'
host_alias=''
host_cpu='i686'
host_os='linux-gnu'
host_vendor='pc'
htmldir='${docdir}'
includedir='${prefix}/include'
infodir='${datarootdir}/info'
install_sh='${SHELL} /opt/p2p/libnice/install-sh'
libdir='${exec_prefix}/lib'
libexecdir='${exec_prefix}/libexec'
localedir='${datarootdir}/locale'
localstatedir='${prefix}/var'
mandir='${datarootdir}/man'
mkdir_p='$(MKDIR_P)'
oldincludedir='/usr/include'
pdfdir='${docdir}'
prefix='/usr/local'
program_transform_name='s,x,x,'
psdir='${docdir}'
runstatedir='${localstatedir}/run'
sbindir='${exec_prefix}/sbin'
sharedstatedir='${prefix}/com'
sysconfdir='${prefix}/etc'
target='i686-pc-linux-gnu'
target_alias=''
target_cpu='i686'
target_os='linux-gnu'
target_vendor='pc'

## ----------- ##
## confdefs.h. ##
## ----------- ##

/* confdefs.h */
#define PACKAGE_NAME "libnice"
#define PACKAGE_TARNAME "libnice"
#define PACKAGE_VERSION "0.1.14.1"
#define PACKAGE_STRING "libnice 0.1.14.1"
#define PACKAGE_BUGREPORT ""
#define PACKAGE_URL ""
#define PACKAGE "libnice"
#define VERSION "0.1.14.1"
#define STDC_HEADERS 1
#define HAVE_SYS_TYPES_H 1
#define HAVE_SYS_STAT_H 1
#define HAVE_STDLIB_H 1
#define HAVE_STRING_H 1
#define HAVE_MEMORY_H 1
#define HAVE_STRINGS_H 1
#define HAVE_INTTYPES_H 1
#define HAVE_STDINT_H 1
#define HAVE_UNISTD_H 1
#define __EXTENSIONS__ 1
#define _ALL_SOURCE 1
#define _GNU_SOURCE 1
#define _POSIX_PTHREAD_SEMANTICS 1
#define _TANDEM_SOURCE 1
#define HAVE_DLFCN_H 1
#define LT_OBJDIR ".libs/"
#define restrict __restrict
#define HAVE_C_VARARRAYS 1
#define HAVE__BOOL 1
#define HAVE_STDBOOL_H 1
#define NICEAPI_EXPORT  
#define HAVE_ARPA_INET_H 1
#define HAVE_NETDB_H 1
#define HAVE_IFADDRS_H 1
#define HAVE_GETIFADDRS 1
#define HAVE_SIZE_T 1
#define HAVE_SSIZE_T 1
#define HAVE_POLL 1

configure: exit 0
